0 verbose cli C:\Program Files\nodejs\node.exe C:\Users\DANIELA\AppData\Roaming\npm\node_modules\npm\bin\npm-cli.js
1 info using npm@9.6.6
2 info using node@v20.11.1
3 timing npm:load:whichnode Completed in 3ms
4 timing config:load:defaults Completed in 2ms
5 timing config:load:file:C:\Users\DANIELA\AppData\Roaming\npm\node_modules\npm\npmrc Completed in 5ms
6 timing config:load:builtin Completed in 5ms
7 timing config:load:cli Completed in 3ms
8 timing config:load:env Completed in 0ms
9 timing config:load:file:c:\Users\DANIELA\Sigescam\SIGESCAM_Backend\.npmrc Completed in 1ms
10 timing config:load:project Completed in 2ms
11 timing config:load:file:C:\Users\DANIELA\.npmrc Completed in 0ms
12 timing config:load:user Completed in 0ms
13 timing config:load:file:C:\Users\DANIELA\AppData\Roaming\npm\etc\npmrc Completed in 1ms
14 timing config:load:global Completed in 1ms
15 timing config:load:setEnvs Completed in 2ms
16 timing config:load Completed in 16ms
17 timing npm:load:configload Completed in 17ms
18 timing npm:load:mkdirpcache Completed in 0ms
19 timing npm:load:mkdirplogs Completed in 1ms
20 verbose title npm view express description dist-tags.latest homepage version time
21 verbose argv "view" "--json" "--" "express" "description" "dist-tags.latest" "homepage" "version" "time"
22 timing npm:load:setTitle Completed in 1ms
23 timing config:load:flatten Completed in 3ms
24 timing npm:load:display Completed in 4ms
25 verbose logfile logs-max:10 dir:C:\Users\DANIELA\Sigescam\SIGESCAM_Backend\npm-temp-fix\_logs\2025-04-16T14_02_32_178Z-
26 verbose logfile C:\Users\DANIELA\Sigescam\SIGESCAM_Backend\npm-temp-fix\_logs\2025-04-16T14_02_32_178Z-debug-0.log
27 timing npm:load:logFile Completed in 12ms
28 timing npm:load:timers Completed in 0ms
29 timing npm:load:configScope Completed in 0ms
30 timing npm:load Completed in 38ms
31 silly logfile done cleaning log files
32 http fetch GET 200 https://registry.npmjs.org/express 519ms (cache miss)
33 timing command:view Completed in 548ms
34 verbose exit 0
35 timing npm Completed in 763ms
36 info ok
